2025.06.02 00:32:32 INFO  Started: Metals version 1.5.3 in folders '/home/the_architect/6/bda/scala-project' for client Cursor 1.91.1.
2025.06.02 00:32:33 INFO  no build target found for /home/the_architect/6/bda/scala-project/ModelServer/src/main/scala/ModelServer.scala. Using presentation compiler with project's scala-library version: 3.3.6
Jun 02, 2025 12:34:20 AM org.eclipse.lsp4j.jsonrpc.RemoteEndpoint handleCancellation
WARNING: Unmatched cancel notification for request id 2
Jun 02, 2025 12:34:20 AM org.eclipse.lsp4j.jsonrpc.RemoteEndpoint handleCancellation
WARNING: Unmatched cancel notification for request id 3
2025.06.02 00:34:20 INFO  no build target found for /home/the_architect/6/bda/scala-project/ModelServer/src/main/scala/ModelServer.scala. Using presentation compiler with project's scala-library version: 3.3.6
2025.06.02 00:34:20 WARN  no build target for: /home/the_architect/6/bda/scala-project/ModelServer/src/main/scala/ModelServer.scala
2025.06.02 00:34:20 INFO  no build target found for /home/the_architect/6/bda/scala-project/ModelServer/src/main/scala/ModelServer.scala. Using presentation compiler with project's scala-library version: 3.3.6
Jun 02, 2025 12:34:20 AM org.eclipse.lsp4j.jsonrpc.RemoteEndpoint handleCancellation
WARNING: Unmatched cancel notification for request id 8
Jun 02, 2025 12:34:20 AM org.eclipse.lsp4j.jsonrpc.RemoteEndpoint handleCancellation
WARNING: Unmatched cancel notification for request id 10
2025.06.02 00:34:20 INFO  no build target found for /home/the_architect/6/bda/scala-project/ModelServer/src/main/scala/ModelServer.scala. Using presentation compiler with project's scala-library version: 3.3.6
2025.06.02 00:34:20 WARN  no build target for: /home/the_architect/6/bda/scala-project/ModelServer/src/main/scala/ModelServer.scala
2025.06.02 00:34:20 INFO  no build target found for /home/the_architect/6/bda/scala-project/ModelServer/src/main/scala/ModelServer.scala. Using presentation compiler with project's scala-library version: 3.3.6
2025.06.02 00:34:20 INFO  no build target found for /home/the_architect/6/bda/scala-project/ModelServer/src/main/scala/ModelServer.scala. Using presentation compiler with project's scala-library version: 3.3.6
2025.06.02 00:34:57 INFO  no build target found for /home/the_architect/6/bda/scala-project/ModelServer/src/main/scala/ModelServer.scala. Using presentation compiler with project's scala-library version: 3.3.6
2025.06.02 00:34:59 INFO  no build target found for /home/the_architect/6/bda/scala-project/ModelServer/src/main/scala/ModelServer.scala. Using presentation compiler with project's scala-library version: 3.3.6
2025.06.02 00:35:02 INFO  no build target found for /home/the_architect/6/bda/scala-project/ModelServer/build.sbt. Using presentation compiler with project's scala-library version: 3.3.6
2025.06.02 00:35:03 INFO  no build target found for /home/the_architect/6/bda/scala-project/ModelServer/build.sbt. Using presentation compiler with project's scala-library version: 3.3.6
2025.06.02 00:35:30 INFO  no build target found for /home/the_architect/6/bda/scala-project/ModelServer/build.sbt. Using presentation compiler with project's scala-library version: 3.3.6
2025.06.02 00:35:32 INFO  no build target found for /home/the_architect/6/bda/scala-project/ModelServer/build.sbt. Using presentation compiler with project's scala-library version: 3.3.6
2025.06.02 00:35:32 INFO  no build target found for /home/the_architect/6/bda/scala-project/ModelServer/build.sbt. Using presentation compiler with project's scala-library version: 3.3.6
2025.06.02 00:35:32 INFO  no build target found for /home/the_architect/6/bda/scala-project/ModelServer/build.sbt. Using presentation compiler with project's scala-library version: 3.3.6
2025.06.02 00:35:33 INFO  no build target found for /home/the_architect/6/bda/scala-project/ModelServer/build.sbt. Using presentation compiler with project's scala-library version: 3.3.6
2025.06.02 00:35:33 WARN  no build target for: /home/the_architect/6/bda/scala-project/ModelServer/build.sbt
2025.06.02 00:35:33 WARN  no build target for: /home/the_architect/6/bda/scala-project/ModelServer/build.sbt
2025.06.02 01:07:01 INFO  Shutting down server
2025.06.02 01:07:01 INFO  shutting down Metals
2025.06.02 01:07:01 INFO  Exiting server
2025.06.02 01:26:03 INFO  Started: Metals version 1.5.3 in folders '/home/the_architect/6/bda/scala-project' for client Cursor 1.91.1.
2025.06.02 01:26:04 INFO  no build target found for /home/the_architect/6/bda/scala-project/ModelServer/build.sbt. Using presentation compiler with project's scala-library version: 3.3.6
Jun 02, 2025 1:26:06 AM org.eclipse.lsp4j.jsonrpc.RemoteEndpoint handleCancellation
WARNING: Unmatched cancel notification for request id 1
Jun 02, 2025 1:26:06 AM org.eclipse.lsp4j.jsonrpc.RemoteEndpoint handleCancellation
WARNING: Unmatched cancel notification for request id 2
Jun 02, 2025 1:26:06 AM org.eclipse.lsp4j.jsonrpc.RemoteEndpoint handleCancellation
WARNING: Unmatched cancel notification for request id 3
2025.06.02 01:26:06 INFO  no build target found for /home/the_architect/6/bda/scala-project/ModelServer/build.sbt. Using presentation compiler with project's scala-library version: 3.3.6
2025.06.02 01:26:09 INFO  no build target found for /home/the_architect/6/bda/scala-project/ModelServer/build.sbt. Using presentation compiler with project's scala-library version: 3.3.6
2025.06.02 01:26:09 WARN  no build target for: /home/the_architect/6/bda/scala-project/ModelServer/src/main/scala/ModelServer.scala
2025.06.02 01:26:09 WARN  no build target for: /home/the_architect/6/bda/scala-project/ModelServer/build.sbt
2025.06.02 01:26:10 INFO  no build target found for /home/the_architect/6/bda/scala-project/ModelServer/src/main/scala/ModelServer.scala. Using presentation compiler with project's scala-library version: 3.3.6
2025.06.02 01:26:10 INFO  time: code lens generation in 1.42s
2025.06.02 09:49:02 INFO  Started: Metals version 1.5.3 in folders '/home/the_architect/6/bda/scala-project' for client Cursor 1.91.1.
2025.06.02 09:49:04 INFO  no build target found for /home/the_architect/6/bda/scala-project/ModelServer/build.sbt. Using presentation compiler with project's scala-library version: 3.3.6
Jun 02, 2025 9:49:06 AM org.eclipse.lsp4j.jsonrpc.RemoteEndpoint handleCancellation
WARNING: Unmatched cancel notification for request id 1
2025.06.02 09:49:06 INFO  no build target found for /home/the_architect/6/bda/scala-project/ModelServer/build.sbt. Using presentation compiler with project's scala-library version: 3.3.6
Jun 02, 2025 9:49:06 AM org.eclipse.lsp4j.jsonrpc.RemoteEndpoint handleCancellation
WARNING: Unmatched cancel notification for request id 2
Jun 02, 2025 9:49:12 AM org.eclipse.lsp4j.jsonrpc.services.GenericEndpoint notify
INFO: Unsupported notification method: $/setTrace
Jun 02, 2025 9:49:12 AM org.eclipse.lsp4j.jsonrpc.services.GenericEndpoint notify
INFO: Unsupported notification method: $/setTrace
2025.06.02 09:49:12 INFO  no build target found for /home/the_architect/6/bda/scala-project/ModelServer/build.sbt. Using presentation compiler with project's scala-library version: 3.3.6
2025.06.02 09:49:12 INFO  no build target found for /home/the_architect/6/bda/scala-project/ModelServer/build.sbt. Using presentation compiler with project's scala-library version: 3.3.6
Jun 02, 2025 9:49:13 AM org.eclipse.lsp4j.jsonrpc.services.GenericEndpoint notify
INFO: Unsupported notification method: $/setTrace
2025.06.02 09:49:12 INFO  no build target found for /home/the_architect/6/bda/scala-project/ModelServer/build.sbt. Using presentation compiler with project's scala-library version: 3.3.6
2025.06.02 09:49:12 INFO  no build target found for /home/the_architect/6/bda/scala-project/ModelServer/build.sbt. Using presentation compiler with project's scala-library version: 3.3.6
Jun 02, 2025 9:49:13 AM org.eclipse.lsp4j.jsonrpc.services.GenericEndpoint notify
INFO: Unsupported notification method: $/setTrace
2025.06.02 09:51:58 INFO  no build target found for /home/the_architect/6/bda/scala-project/ModelServer/build.sbt. Using presentation compiler with project's scala-library version: 3.3.6
2025.06.02 09:51:58 INFO  no build target found for /home/the_architect/6/bda/scala-project/ModelServer/build.sbt. Using presentation compiler with project's scala-library version: 3.3.6
2025.06.02 09:51:58 INFO  no build target found for /home/the_architect/6/bda/scala-project/ModelServer/build.sbt. Using presentation compiler with project's scala-library version: 3.3.6
2025.06.02 09:51:58 INFO  no build target found for /home/the_architect/6/bda/scala-project/ModelServer/build.sbt. Using presentation compiler with project's scala-library version: 3.3.6
2025.06.02 09:51:58 INFO  no build target found for /home/the_architect/6/bda/scala-project/ModelServer/build.sbt. Using presentation compiler with project's scala-library version: 3.3.6
2025.06.02 09:51:58 INFO  no build target found for /home/the_architect/6/bda/scala-project/ModelServer/build.sbt. Using presentation compiler with project's scala-library version: 3.3.6
2025.06.02 09:51:58 INFO  no build target found for /home/the_architect/6/bda/scala-project/ModelServer/build.sbt. Using presentation compiler with project's scala-library version: 3.3.6
2025.06.02 09:51:58 INFO  no build target found for /home/the_architect/6/bda/scala-project/ModelServer/build.sbt. Using presentation compiler with project's scala-library version: 3.3.6
2025.06.02 09:51:58 INFO  no build target found for /home/the_architect/6/bda/scala-project/ModelServer/build.sbt. Using presentation compiler with project's scala-library version: 3.3.6
2025.06.02 09:51:58 INFO  no build target found for /home/the_architect/6/bda/scala-project/ModelServer/build.sbt. Using presentation compiler with project's scala-library version: 3.3.6
2025.06.02 09:51:58 INFO  no build target found for /home/the_architect/6/bda/scala-project/ModelServer/build.sbt. Using presentation compiler with project's scala-library version: 3.3.6
2025.06.02 09:51:58 INFO  no build target found for /home/the_architect/6/bda/scala-project/ModelServer/build.sbt. Using presentation compiler with project's scala-library version: 3.3.6
2025.06.02 10:04:50 INFO  no build target found for /home/the_architect/6/bda/scala-project/ModelServer/build.sbt. Using presentation compiler with project's scala-library version: 3.3.6
2025.06.02 10:04:51 INFO  no build target found for /home/the_architect/6/bda/scala-project/ModelServer/build.sbt. Using presentation compiler with project's scala-library version: 3.3.6
2025.06.02 10:04:51 INFO  no build target found for /home/the_architect/6/bda/scala-project/ModelServer/build.sbt. Using presentation compiler with project's scala-library version: 3.3.6
2025.06.02 10:04:52 INFO  no build target found for /home/the_architect/6/bda/scala-project/ModelServer/build.sbt. Using presentation compiler with project's scala-library version: 3.3.6
2025.06.02 10:04:52 WARN  no build target for: /home/the_architect/6/bda/scala-project/ModelServer/build.sbt
2025.06.02 10:04:52 INFO  no build target found for /home/the_architect/6/bda/scala-project/ModelServer/build.sbt. Using presentation compiler with project's scala-library version: 3.3.6
2025.06.02 10:04:52 INFO  no build target found for /home/the_architect/6/bda/scala-project/ModelServer/build.sbt. Using presentation compiler with project's scala-library version: 3.3.6
2025.06.02 10:04:53 INFO  no build target found for /home/the_architect/6/bda/scala-project/ModelServer/build.sbt. Using presentation compiler with project's scala-library version: 3.3.6
2025.06.02 10:04:53 INFO  no build target found for /home/the_architect/6/bda/scala-project/ModelServer/build.sbt. Using presentation compiler with project's scala-library version: 3.3.6
2025.06.02 10:04:53 INFO  no build target found for /home/the_architect/6/bda/scala-project/ModelServer/build.sbt. Using presentation compiler with project's scala-library version: 3.3.6
2025.06.02 10:04:53 INFO  no build target found for /home/the_architect/6/bda/scala-project/ModelServer/build.sbt. Using presentation compiler with project's scala-library version: 3.3.6
2025.06.02 10:04:55 INFO  no build target found for /home/the_architect/6/bda/scala-project/ModelServer/build.sbt. Using presentation compiler with project's scala-library version: 3.3.6
2025.06.02 10:04:55 INFO  no build target found for /home/the_architect/6/bda/scala-project/ModelServer/build.sbt. Using presentation compiler with project's scala-library version: 3.3.6
2025.06.02 10:04:55 INFO  no build target found for /home/the_architect/6/bda/scala-project/ModelServer/build.sbt. Using presentation compiler with project's scala-library version: 3.3.6
2025.06.02 10:04:56 WARN  no build target for: /home/the_architect/6/bda/scala-project/ModelServer/build.sbt
2025.06.02 10:04:56 INFO  no build target found for /home/the_architect/6/bda/scala-project/ModelServer/build.sbt. Using presentation compiler with project's scala-library version: 3.3.6
2025.06.02 10:04:56 INFO  no build target found for /home/the_architect/6/bda/scala-project/ModelServer/build.sbt. Using presentation compiler with project's scala-library version: 3.3.6
2025.06.02 10:04:56 INFO  no build target found for /home/the_architect/6/bda/scala-project/ModelServer/build.sbt. Using presentation compiler with project's scala-library version: 3.3.6
2025.06.02 10:04:56 INFO  no build target found for /home/the_architect/6/bda/scala-project/ModelServer/build.sbt. Using presentation compiler with project's scala-library version: 3.3.6
2025.06.02 10:04:57 INFO  no build target found for /home/the_architect/6/bda/scala-project/ModelServer/build.sbt. Using presentation compiler with project's scala-library version: 3.3.6
2025.06.02 10:04:57 INFO  no build target found for /home/the_architect/6/bda/scala-project/ModelServer/build.sbt. Using presentation compiler with project's scala-library version: 3.3.6
2025.06.02 10:04:58 WARN  no build target for: /home/the_architect/6/bda/scala-project/ModelServer/build.sbt
2025.06.02 10:04:58 INFO  no build target found for /home/the_architect/6/bda/scala-project/ModelServer/build.sbt. Using presentation compiler with project's scala-library version: 3.3.6
2025.06.02 10:04:57 INFO  no build target found for /home/the_architect/6/bda/scala-project/ModelServer/build.sbt. Using presentation compiler with project's scala-library version: 3.3.6
2025.06.02 10:04:59 INFO  no build target found for /home/the_architect/6/bda/scala-project/ModelServer/build.sbt. Using presentation compiler with project's scala-library version: 3.3.6
2025.06.02 10:05:00 INFO  no build target found for /home/the_architect/6/bda/scala-project/ModelServer/build.sbt. Using presentation compiler with project's scala-library version: 3.3.6
2025.06.02 10:05:00 INFO  no build target found for /home/the_architect/6/bda/scala-project/ModelServer/build.sbt. Using presentation compiler with project's scala-library version: 3.3.6
2025.06.02 10:05:00 INFO  no build target found for /home/the_architect/6/bda/scala-project/ModelServer/build.sbt. Using presentation compiler with project's scala-library version: 3.3.6
2025.06.02 10:05:00 INFO  no build target found for /home/the_architect/6/bda/scala-project/ModelServer/build.sbt. Using presentation compiler with project's scala-library version: 3.3.6
2025.06.02 10:05:02 INFO  no build target found for /home/the_architect/6/bda/scala-project/ModelServer/build.sbt. Using presentation compiler with project's scala-library version: 3.3.6
2025.06.02 10:05:02 WARN  no build target for: /home/the_architect/6/bda/scala-project/ModelServer/build.sbt
2025.06.02 10:05:02 INFO  no build target found for /home/the_architect/6/bda/scala-project/ModelServer/build.sbt. Using presentation compiler with project's scala-library version: 3.3.6
2025.06.02 10:05:02 INFO  no build target found for /home/the_architect/6/bda/scala-project/ModelServer/build.sbt. Using presentation compiler with project's scala-library version: 3.3.6
2025.06.02 10:05:02 INFO  no build target found for /home/the_architect/6/bda/scala-project/ModelServer/build.sbt. Using presentation compiler with project's scala-library version: 3.3.6
2025.06.02 10:05:02 INFO  no build target found for /home/the_architect/6/bda/scala-project/ModelServer/build.sbt. Using presentation compiler with project's scala-library version: 3.3.6
2025.06.02 10:05:04 INFO  no build target found for /home/the_architect/6/bda/scala-project/ModelServer/build.sbt. Using presentation compiler with project's scala-library version: 3.3.6
2025.06.02 10:05:04 INFO  no build target found for /home/the_architect/6/bda/scala-project/ModelServer/build.sbt. Using presentation compiler with project's scala-library version: 3.3.6
2025.06.02 10:05:04 INFO  no build target found for /home/the_architect/6/bda/scala-project/ModelServer/build.sbt. Using presentation compiler with project's scala-library version: 3.3.6
2025.06.02 10:05:04 INFO  no build target found for /home/the_architect/6/bda/scala-project/ModelServer/build.sbt. Using presentation compiler with project's scala-library version: 3.3.6
2025.06.02 10:05:04 INFO  no build target found for /home/the_architect/6/bda/scala-project/ModelServer/build.sbt. Using presentation compiler with project's scala-library version: 3.3.6
2025.06.02 10:05:05 INFO  no build target found for /home/the_architect/6/bda/scala-project/ModelServer/build.sbt. Using presentation compiler with project's scala-library version: 3.3.6
2025.06.02 10:05:05 WARN  no build target for: /home/the_architect/6/bda/scala-project/ModelServer/build.sbt
2025.06.02 10:05:05 INFO  no build target found for /home/the_architect/6/bda/scala-project/ModelServer/build.sbt. Using presentation compiler with project's scala-library version: 3.3.6
2025.06.02 10:05:05 INFO  no build target found for /home/the_architect/6/bda/scala-project/ModelServer/build.sbt. Using presentation compiler with project's scala-library version: 3.3.6
2025.06.02 10:05:05 INFO  no build target found for /home/the_architect/6/bda/scala-project/ModelServer/build.sbt. Using presentation compiler with project's scala-library version: 3.3.6
2025.06.02 10:05:07 INFO  no build target found for /home/the_architect/6/bda/scala-project/ModelServer/build.sbt. Using presentation compiler with project's scala-library version: 3.3.6
2025.06.02 10:05:07 INFO  no build target found for /home/the_architect/6/bda/scala-project/ModelServer/build.sbt. Using presentation compiler with project's scala-library version: 3.3.6
2025.06.02 10:05:07 INFO  no build target found for /home/the_architect/6/bda/scala-project/ModelServer/build.sbt. Using presentation compiler with project's scala-library version: 3.3.6
2025.06.02 10:05:07 INFO  no build target found for /home/the_architect/6/bda/scala-project/ModelServer/build.sbt. Using presentation compiler with project's scala-library version: 3.3.6
2025.06.02 10:05:08 INFO  no build target found for /home/the_architect/6/bda/scala-project/ModelServer/build.sbt. Using presentation compiler with project's scala-library version: 3.3.6
2025.06.02 10:05:08 INFO  no build target found for /home/the_architect/6/bda/scala-project/ModelServer/build.sbt. Using presentation compiler with project's scala-library version: 3.3.6
2025.06.02 10:05:08 INFO  no build target found for /home/the_architect/6/bda/scala-project/ModelServer/build.sbt. Using presentation compiler with project's scala-library version: 3.3.6
2025.06.02 10:05:08 INFO  no build target found for /home/the_architect/6/bda/scala-project/ModelServer/build.sbt. Using presentation compiler with project's scala-library version: 3.3.6
2025.06.02 10:05:09 WARN  no build target for: /home/the_architect/6/bda/scala-project/ModelServer/build.sbt
2025.06.02 10:05:09 INFO  no build target found for /home/the_architect/6/bda/scala-project/ModelServer/build.sbt. Using presentation compiler with project's scala-library version: 3.3.6
2025.06.02 10:39:48 INFO  no build target found for /home/the_architect/6/bda/scala-project/ModelServer/src/main/scala/MongoModels.scala. Using presentation compiler with project's scala-library version: 3.3.6
2025.06.02 10:39:49 INFO  no build target found for /home/the_architect/6/bda/scala-project/ModelServer/src/main/scala/MongoModels.scala. Using presentation compiler with project's scala-library version: 3.3.6
2025.06.02 10:39:49 INFO  no build target found for /home/the_architect/6/bda/scala-project/ModelServer/src/main/scala/MongoModels.scala. Using presentation compiler with project's scala-library version: 3.3.6
2025.06.02 10:39:50 INFO  no build target found for /home/the_architect/6/bda/scala-project/ModelServer/src/main/scala/MongoModels.scala. Using presentation compiler with project's scala-library version: 3.3.6
2025.06.02 10:39:50 WARN  no build target for: /home/the_architect/6/bda/scala-project/ModelServer/src/main/scala/MongoModels.scala
2025.06.02 10:39:52 WARN  no build target for: /home/the_architect/6/bda/scala-project/ModelServer/src/main/scala/MongoModels.scala
2025.06.02 10:40:00 WARN  no build target for: /home/the_architect/6/bda/scala-project/ModelServer/src/main/scala/ModelServer.scala
2025.06.02 10:40:00 INFO  no build target found for /home/the_architect/6/bda/scala-project/ModelServer/src/main/scala/ModelServer.scala. Using presentation compiler with project's scala-library version: 3.3.6
2025.06.02 10:40:00 INFO  no build target found for /home/the_architect/6/bda/scala-project/ModelServer/src/main/scala/ModelServer.scala. Using presentation compiler with project's scala-library version: 3.3.6
2025.06.02 10:40:07 INFO  no build target found for /home/the_architect/6/bda/scala-project/ModelServer/src/main/scala/ModelServer.scala. Using presentation compiler with project's scala-library version: 3.3.6
2025.06.02 10:40:07 INFO  no build target found for /home/the_architect/6/bda/scala-project/ModelServer/src/main/scala/ModelServer.scala. Using presentation compiler with project's scala-library version: 3.3.6
2025.06.02 10:40:08 WARN  no build target for: /home/the_architect/6/bda/scala-project/ModelServer/src/main/scala/ModelServer.scala
2025.06.02 10:40:08 INFO  no build target found for /home/the_architect/6/bda/scala-project/ModelServer/src/main/scala/ModelServer.scala. Using presentation compiler with project's scala-library version: 3.3.6
2025.06.02 10:42:52 WARN  no build target for: /home/the_architect/6/bda/scala-project/ModelServer/src/main/scala/MongoModels.scala
2025.06.02 10:42:52 INFO  no build target found for /home/the_architect/6/bda/scala-project/ModelServer/src/main/scala/MongoModels.scala. Using presentation compiler with project's scala-library version: 3.3.6
2025.06.02 10:42:52 INFO  no build target found for /home/the_architect/6/bda/scala-project/ModelServer/src/main/scala/MongoModels.scala. Using presentation compiler with project's scala-library version: 3.3.6
2025.06.02 10:42:57 INFO  no build target found for /home/the_architect/6/bda/scala-project/ModelServer/src/main/scala/MongoModels.scala. Using presentation compiler with project's scala-library version: 3.3.6
2025.06.02 10:42:57 INFO  no build target found for /home/the_architect/6/bda/scala-project/ModelServer/src/main/scala/MongoModels.scala. Using presentation compiler with project's scala-library version: 3.3.6
2025.06.02 10:42:57 WARN  no build target for: /home/the_architect/6/bda/scala-project/ModelServer/src/main/scala/MongoModels.scala
2025.06.02 10:42:57 INFO  no build target found for /home/the_architect/6/bda/scala-project/ModelServer/src/main/scala/MongoModels.scala. Using presentation compiler with project's scala-library version: 3.3.6
2025.06.02 10:43:01 WARN  no build target for: /home/the_architect/6/bda/scala-project/ModelServer/src/main/scala/ModelServer.scala
2025.06.02 10:43:01 INFO  no build target found for /home/the_architect/6/bda/scala-project/ModelServer/src/main/scala/ModelServer.scala. Using presentation compiler with project's scala-library version: 3.3.6
2025.06.02 10:43:01 INFO  no build target found for /home/the_architect/6/bda/scala-project/ModelServer/src/main/scala/ModelServer.scala. Using presentation compiler with project's scala-library version: 3.3.6
2025.06.02 10:43:01 INFO  no build target found for /home/the_architect/6/bda/scala-project/ModelServer/src/main/scala/ModelServer.scala. Using presentation compiler with project's scala-library version: 3.3.6
2025.06.02 10:43:02 WARN  no build target for: /home/the_architect/6/bda/scala-project/ModelServer/src/main/scala/ModelServer.scala
2025.06.02 10:43:02 INFO  no build target found for /home/the_architect/6/bda/scala-project/ModelServer/src/main/scala/ModelServer.scala. Using presentation compiler with project's scala-library version: 3.3.6
2025.06.02 10:43:09 WARN  no build target for: /home/the_architect/6/bda/scala-project/ModelServer/build.sbt
2025.06.02 10:43:09 INFO  no build target found for /home/the_architect/6/bda/scala-project/ModelServer/build.sbt. Using presentation compiler with project's scala-library version: 3.3.6
2025.06.02 10:43:09 INFO  no build target found for /home/the_architect/6/bda/scala-project/ModelServer/build.sbt. Using presentation compiler with project's scala-library version: 3.3.6
2025.06.02 10:43:09 INFO  no build target found for /home/the_architect/6/bda/scala-project/ModelServer/build.sbt. Using presentation compiler with project's scala-library version: 3.3.6
2025.06.02 10:43:10 INFO  no build target found for /home/the_architect/6/bda/scala-project/ModelServer/build.sbt. Using presentation compiler with project's scala-library version: 3.3.6
2025.06.02 10:43:10 WARN  no build target for: /home/the_architect/6/bda/scala-project/ModelServer/build.sbt
2025.06.02 10:44:22 INFO  no build target found for /home/the_architect/6/bda/scala-project/ModelServer/build.sbt. Using presentation compiler with project's scala-library version: 3.3.6
2025.06.02 10:44:26 INFO  no build target found for /home/the_architect/6/bda/scala-project/ModelServer/build.sbt. Using presentation compiler with project's scala-library version: 3.3.6
2025.06.02 10:45:51 INFO  no build target found for /home/the_architect/6/bda/scala-project/ModelServer/src/main/scala/ModelServer.scala. Using presentation compiler with project's scala-library version: 3.3.6
2025.06.02 10:45:51 WARN  no build target for: /home/the_architect/6/bda/scala-project/ModelServer/src/main/scala/ModelServer.scala
2025.06.02 10:45:51 INFO  no build target found for /home/the_architect/6/bda/scala-project/ModelServer/src/main/scala/ModelServer.scala. Using presentation compiler with project's scala-library version: 3.3.6
2025.06.02 10:49:09 INFO  no build target found for /home/the_architect/6/bda/scala-project/ModelServer/src/main/scala/ModelServer.scala. Using presentation compiler with project's scala-library version: 3.3.6
2025.06.02 10:49:09 INFO  no build target found for /home/the_architect/6/bda/scala-project/ModelServer/src/main/scala/ModelServer.scala. Using presentation compiler with project's scala-library version: 3.3.6
2025.06.02 10:49:11 WARN  no build target for: /home/the_architect/6/bda/scala-project/ModelServer/src/main/scala/ModelServer.scala
2025.06.02 10:49:11 INFO  no build target found for /home/the_architect/6/bda/scala-project/ModelServer/src/main/scala/ModelServer.scala. Using presentation compiler with project's scala-library version: 3.3.6
2025.06.02 10:49:11 INFO  no build target found for /home/the_architect/6/bda/scala-project/ModelServer/src/main/scala/ModelServer.scala. Using presentation compiler with project's scala-library version: 3.3.6
2025.06.02 10:49:12 WARN  no build target for: /home/the_architect/6/bda/scala-project/ModelServer/src/main/scala/ModelServer.scala
2025.06.02 10:49:12 INFO  no build target found for /home/the_architect/6/bda/scala-project/ModelServer/src/main/scala/ModelServer.scala. Using presentation compiler with project's scala-library version: 3.3.6
2025.06.02 10:49:51 INFO  no build target found for /home/the_architect/6/bda/scala-project/ModelServer/src/main/scala/ModelServer.scala. Using presentation compiler with project's scala-library version: 3.3.6
2025.06.02 10:49:52 WARN  no build target for: /home/the_architect/6/bda/scala-project/ModelServer/src/main/scala/ModelServer.scala
2025.06.02 10:49:52 INFO  no build target found for /home/the_architect/6/bda/scala-project/ModelServer/src/main/scala/ModelServer.scala. Using presentation compiler with project's scala-library version: 3.3.6
2025.06.02 10:50:39 WARN  no build target for: /home/the_architect/6/bda/scala-project/ModelServer/src/main/scala/ModelServer.scala
2025.06.02 10:50:39 INFO  no build target found for /home/the_architect/6/bda/scala-project/ModelServer/src/main/scala/ModelServer.scala. Using presentation compiler with project's scala-library version: 3.3.6
2025.06.02 10:50:39 INFO  no build target found for /home/the_architect/6/bda/scala-project/ModelServer/src/main/scala/ModelServer.scala. Using presentation compiler with project's scala-library version: 3.3.6
Jun 02, 2025 10:50:39 AM org.eclipse.lsp4j.jsonrpc.RemoteEndpoint handleCancellation
WARNING: Unmatched cancel notification for request id 191
2025.06.02 10:50:39 INFO  no build target found for /home/the_architect/6/bda/scala-project/ModelServer/src/main/scala/ModelServer.scala. Using presentation compiler with project's scala-library version: 3.3.6
2025.06.02 10:50:39 INFO  no build target found for /home/the_architect/6/bda/scala-project/ModelServer/src/main/scala/ModelServer.scala. Using presentation compiler with project's scala-library version: 3.3.6
2025.06.02 10:50:40 WARN  no build target for: /home/the_architect/6/bda/scala-project/ModelServer/src/main/scala/ModelServer.scala
2025.06.02 10:50:40 INFO  no build target found for /home/the_architect/6/bda/scala-project/ModelServer/src/main/scala/ModelServer.scala. Using presentation compiler with project's scala-library version: 3.3.6
2025.06.02 10:51:12 INFO  no build target found for /home/the_architect/6/bda/scala-project/ModelServer/src/main/scala/ModelServer.scala. Using presentation compiler with project's scala-library version: 3.3.6
2025.06.02 10:51:12 INFO  no build target found for /home/the_architect/6/bda/scala-project/ModelServer/src/main/scala/ModelServer.scala. Using presentation compiler with project's scala-library version: 3.3.6
2025.06.02 10:52:41 INFO  no build target found for /home/the_architect/6/bda/scala-project/ModelServer/src/main/scala/ModelServer.scala. Using presentation compiler with project's scala-library version: 3.3.6
2025.06.02 10:52:41 INFO  no build target found for /home/the_architect/6/bda/scala-project/ModelServer/src/main/scala/ModelServer.scala. Using presentation compiler with project's scala-library version: 3.3.6
2025.06.02 10:52:41 INFO  no build target found for /home/the_architect/6/bda/scala-project/ModelServer/src/main/scala/ModelServer.scala. Using presentation compiler with project's scala-library version: 3.3.6
2025.06.02 10:52:43 INFO  no build target found for /home/the_architect/6/bda/scala-project/ModelServer/src/main/scala/ModelServer.scala. Using presentation compiler with project's scala-library version: 3.3.6
2025.06.02 10:52:43 INFO  no build target found for /home/the_architect/6/bda/scala-project/ModelServer/src/main/scala/ModelServer.scala. Using presentation compiler with project's scala-library version: 3.3.6
2025.06.02 10:52:43 WARN  no build target for: /home/the_architect/6/bda/scala-project/ModelServer/src/main/scala/ModelServer.scala
2025.06.02 10:53:25 INFO  no build target found for /home/the_architect/6/bda/scala-project/ModelServer/src/main/scala/ModelServer.scala. Using presentation compiler with project's scala-library version: 3.3.6
2025.06.02 10:53:27 INFO  no build target found for /home/the_architect/6/bda/scala-project/ModelServer/src/main/scala/ModelServer.scala. Using presentation compiler with project's scala-library version: 3.3.6
2025.06.02 10:53:27 INFO  no build target found for /home/the_architect/6/bda/scala-project/ModelServer/src/main/scala/ModelServer.scala. Using presentation compiler with project's scala-library version: 3.3.6
2025.06.02 10:53:28 INFO  no build target found for /home/the_architect/6/bda/scala-project/ModelServer/src/main/scala/ModelServer.scala. Using presentation compiler with project's scala-library version: 3.3.6
2025.06.02 10:53:47 INFO  no build target found for /home/the_architect/6/bda/scala-project/ModelServer/src/main/scala/ModelServer.scala. Using presentation compiler with project's scala-library version: 3.3.6
2025.06.02 10:53:47 INFO  no build target found for /home/the_architect/6/bda/scala-project/ModelServer/src/main/scala/ModelServer.scala. Using presentation compiler with project's scala-library version: 3.3.6
2025.06.02 10:53:48 INFO  no build target found for /home/the_architect/6/bda/scala-project/ModelServer/src/main/scala/ModelServer.scala. Using presentation compiler with project's scala-library version: 3.3.6
2025.06.02 10:53:48 INFO  no build target found for /home/the_architect/6/bda/scala-project/ModelServer/src/main/scala/ModelServer.scala. Using presentation compiler with project's scala-library version: 3.3.6
2025.06.02 10:53:48 INFO  no build target found for /home/the_architect/6/bda/scala-project/ModelServer/src/main/scala/ModelServer.scala. Using presentation compiler with project's scala-library version: 3.3.6
2025.06.02 10:53:48 INFO  no build target found for /home/the_architect/6/bda/scala-project/ModelServer/src/main/scala/ModelServer.scala. Using presentation compiler with project's scala-library version: 3.3.6
2025.06.02 10:53:50 WARN  no build target for: /home/the_architect/6/bda/scala-project/ModelServer/src/main/scala/ModelServer.scala
2025.06.02 10:53:50 INFO  no build target found for /home/the_architect/6/bda/scala-project/ModelServer/src/main/scala/ModelServer.scala. Using presentation compiler with project's scala-library version: 3.3.6
2025.06.02 10:53:51 WARN  no build target for: /home/the_architect/6/bda/scala-project/ModelServer/src/main/scala/ModelServer.scala
2025.06.02 10:54:04 INFO  no build target found for /home/the_architect/6/bda/scala-project/ModelServer/src/main/scala/ModelServer.scala. Using presentation compiler with project's scala-library version: 3.3.6
2025.06.02 10:54:04 INFO  no build target found for /home/the_architect/6/bda/scala-project/ModelServer/src/main/scala/ModelServer.scala. Using presentation compiler with project's scala-library version: 3.3.6
2025.06.02 10:54:04 INFO  no build target found for /home/the_architect/6/bda/scala-project/ModelServer/src/main/scala/ModelServer.scala. Using presentation compiler with project's scala-library version: 3.3.6
Jun 02, 2025 10:54:05 AM org.eclipse.lsp4j.jsonrpc.RemoteEndpoint handleCancellation
WARNING: Unmatched cancel notification for request id 254
2025.06.02 10:54:04 INFO  no build target found for /home/the_architect/6/bda/scala-project/ModelServer/src/main/scala/ModelServer.scala. Using presentation compiler with project's scala-library version: 3.3.6
2025.06.02 10:54:05 INFO  no build target found for /home/the_architect/6/bda/scala-project/ModelServer/src/main/scala/ModelServer.scala. Using presentation compiler with project's scala-library version: 3.3.6
Jun 02, 2025 10:54:05 AM scala.meta.internal.metals.StdReporter $anonfun$create$1
WARNING: empty definition using pc, found symbol in pc: `<none>`. (full report at: /home/the_architect/6/bda/scala-project/.metals/.reports/metals-full/2025-06-02/r_empty-definition_10-54-05-812.md)
2025.06.02 10:56:58 INFO  no build target found for /home/the_architect/6/bda/scala-project/ModelServer/src/main/scala/ModelServer.scala. Using presentation compiler with project's scala-library version: 3.3.6
2025.06.02 10:58:15 INFO  no build target found for /home/the_architect/6/bda/scala-project/ModelServer/src/main/scala/ModelServer.scala. Using presentation compiler with project's scala-library version: 3.3.6
2025.06.02 10:58:15 INFO  no build target found for /home/the_architect/6/bda/scala-project/ModelServer/src/main/scala/ModelServer.scala. Using presentation compiler with project's scala-library version: 3.3.6
2025.06.02 10:58:15 INFO  no build target found for /home/the_architect/6/bda/scala-project/ModelServer/src/main/scala/ModelServer.scala. Using presentation compiler with project's scala-library version: 3.3.6
Jun 02, 2025 10:58:16 AM scala.meta.internal.metals.StdReporter $anonfun$create$1
WARNING: empty definition using pc, found symbol in pc: `<none>`. (full report at: /home/the_architect/6/bda/scala-project/.metals/.reports/metals-full/2025-06-02/r_empty-definition_10-54-05-812.md)
Jun 02, 2025 10:58:16 AM org.eclipse.lsp4j.jsonrpc.RemoteEndpoint handleCancellation
WARNING: Unmatched cancel notification for request id 265
2025.06.02 10:58:16 INFO  no build target found for /home/the_architect/6/bda/scala-project/ModelServer/src/main/scala/ModelServer.scala. Using presentation compiler with project's scala-library version: 3.3.6
Jun 02, 2025 10:58:16 AM scala.meta.internal.metals.StdReporter $anonfun$create$1
WARNING: empty definition using pc, found symbol in pc: `<none>`. (full report at: /home/the_architect/6/bda/scala-project/.metals/.reports/metals-full/2025-06-02/r_empty-definition_10-54-05-812.md)
2025.06.02 10:58:15 INFO  no build target found for /home/the_architect/6/bda/scala-project/ModelServer/src/main/scala/ModelServer.scala. Using presentation compiler with project's scala-library version: 3.3.6
2025.06.02 10:58:17 INFO  no build target found for /home/the_architect/6/bda/scala-project/ModelServer/src/main/scala/ModelServer.scala. Using presentation compiler with project's scala-library version: 3.3.6
2025.06.02 10:58:17 WARN  no build target for: /home/the_architect/6/bda/scala-project/ModelServer/src/main/scala/ModelServer.scala
2025.06.02 10:58:17 INFO  no build target found for /home/the_architect/6/bda/scala-project/ModelServer/src/main/scala/ModelServer.scala. Using presentation compiler with project's scala-library version: 3.3.6
2025.06.02 11:00:05 INFO  no build target found for /home/the_architect/6/bda/scala-project/ModelServer/src/main/scala/ModelServer.scala. Using presentation compiler with project's scala-library version: 3.3.6
2025.06.02 11:00:05 INFO  no build target found for /home/the_architect/6/bda/scala-project/ModelServer/src/main/scala/ModelServer.scala. Using presentation compiler with project's scala-library version: 3.3.6
2025.06.02 11:00:06 INFO  no build target found for /home/the_architect/6/bda/scala-project/ModelServer/src/main/scala/ModelServer.scala. Using presentation compiler with project's scala-library version: 3.3.6
2025.06.02 11:00:17 INFO  no build target found for /home/the_architect/6/bda/scala-project/ModelServer/src/main/scala/ModelServer.scala. Using presentation compiler with project's scala-library version: 3.3.6
2025.06.02 11:00:17 WARN  no build target for: /home/the_architect/6/bda/scala-project/ModelServer/src/main/scala/MongoModels.scala
2025.06.02 11:00:17 INFO  no build target found for /home/the_architect/6/bda/scala-project/ModelServer/src/main/scala/MongoModels.scala. Using presentation compiler with project's scala-library version: 3.3.6
2025.06.02 11:00:17 INFO  no build target found for /home/the_architect/6/bda/scala-project/ModelServer/src/main/scala/MongoModels.scala. Using presentation compiler with project's scala-library version: 3.3.6
2025.06.02 11:00:29 INFO  no build target found for /home/the_architect/6/bda/scala-project/ModelServer/src/main/scala/MongoModels.scala. Using presentation compiler with project's scala-library version: 3.3.6
2025.06.02 11:00:41 WARN  no build target for: /home/the_architect/6/bda/scala-project/ModelServer/src/main/scala/ModelServer.scala
2025.06.02 11:00:41 INFO  no build target found for /home/the_architect/6/bda/scala-project/ModelServer/src/main/scala/ModelServer.scala. Using presentation compiler with project's scala-library version: 3.3.6
2025.06.02 11:00:41 INFO  no build target found for /home/the_architect/6/bda/scala-project/ModelServer/src/main/scala/ModelServer.scala. Using presentation compiler with project's scala-library version: 3.3.6
2025.06.02 11:00:41 INFO  no build target found for /home/the_architect/6/bda/scala-project/ModelServer/src/main/scala/ModelServer.scala. Using presentation compiler with project's scala-library version: 3.3.6
2025.06.02 11:00:41 INFO  no build target found for /home/the_architect/6/bda/scala-project/ModelServer/src/main/scala/ModelServer.scala. Using presentation compiler with project's scala-library version: 3.3.6
2025.06.02 11:00:41 INFO  no build target found for /home/the_architect/6/bda/scala-project/ModelServer/src/main/scala/ModelServer.scala. Using presentation compiler with project's scala-library version: 3.3.6
Jun 02, 2025 11:00:41 AM scala.meta.internal.metals.StdReporter $anonfun$create$1
WARNING: empty definition using pc, found symbol in pc: `<none>`. (full report at: /home/the_architect/6/bda/scala-project/.metals/.reports/metals-full/2025-06-02/r_empty-definition_10-54-05-812.md)
2025.06.02 11:00:41 INFO  no build target found for /home/the_architect/6/bda/scala-project/ModelServer/src/main/scala/ModelServer.scala. Using presentation compiler with project's scala-library version: 3.3.6
2025.06.02 11:00:42 INFO  no build target found for /home/the_architect/6/bda/scala-project/ModelServer/src/main/scala/ModelServer.scala. Using presentation compiler with project's scala-library version: 3.3.6
Jun 02, 2025 11:00:42 AM scala.meta.internal.metals.StdReporter $anonfun$create$1
WARNING: empty definition using pc, found symbol in pc: `<none>`. (full report at: /home/the_architect/6/bda/scala-project/.metals/.reports/metals-full/2025-06-02/r_empty-definition_10-54-05-812.md)
2025.06.02 11:01:32 INFO  no build target found for /home/the_architect/6/bda/scala-project/ModelServer/src/main/scala/ModelServer.scala. Using presentation compiler with project's scala-library version: 3.3.6
2025.06.02 11:01:32 INFO  no build target found for /home/the_architect/6/bda/scala-project/ModelServer/src/main/scala/ModelServer.scala. Using presentation compiler with project's scala-library version: 3.3.6
2025.06.02 11:01:32 INFO  no build target found for /home/the_architect/6/bda/scala-project/ModelServer/src/main/scala/ModelServer.scala. Using presentation compiler with project's scala-library version: 3.3.6
2025.06.02 11:01:33 WARN  no build target for: /home/the_architect/6/bda/scala-project/ModelServer/src/main/scala/MongoModels.scala
2025.06.02 11:01:32 INFO  no build target found for /home/the_architect/6/bda/scala-project/ModelServer/src/main/scala/MongoModels.scala. Using presentation compiler with project's scala-library version: 3.3.6
2025.06.02 11:01:33 INFO  no build target found for /home/the_architect/6/bda/scala-project/ModelServer/src/main/scala/MongoModels.scala. Using presentation compiler with project's scala-library version: 3.3.6
2025.06.02 11:01:33 INFO  no build target found for /home/the_architect/6/bda/scala-project/ModelServer/src/main/scala/MongoModels.scala. Using presentation compiler with project's scala-library version: 3.3.6
2025.06.02 11:01:34 INFO  no build target found for /home/the_architect/6/bda/scala-project/ModelServer/src/main/scala/MongoModels.scala. Using presentation compiler with project's scala-library version: 3.3.6
2025.06.02 11:01:34 INFO  no build target found for /home/the_architect/6/bda/scala-project/ModelServer/src/main/scala/MongoModels.scala. Using presentation compiler with project's scala-library version: 3.3.6
2025.06.02 11:01:35 WARN  no build target for: /home/the_architect/6/bda/scala-project/ModelServer/src/main/scala/MongoModels.scala
2025.06.02 11:01:35 INFO  no build target found for /home/the_architect/6/bda/scala-project/ModelServer/src/main/scala/MongoModels.scala. Using presentation compiler with project's scala-library version: 3.3.6
2025.06.02 11:01:42 WARN  no build target for: /home/the_architect/6/bda/scala-project/ModelServer/src/main/scala/ModelServer.scala
2025.06.02 11:01:42 INFO  no build target found for /home/the_architect/6/bda/scala-project/ModelServer/src/main/scala/ModelServer.scala. Using presentation compiler with project's scala-library version: 3.3.6
2025.06.02 11:01:42 INFO  no build target found for /home/the_architect/6/bda/scala-project/ModelServer/src/main/scala/ModelServer.scala. Using presentation compiler with project's scala-library version: 3.3.6
2025.06.02 11:01:42 INFO  no build target found for /home/the_architect/6/bda/scala-project/ModelServer/src/main/scala/ModelServer.scala. Using presentation compiler with project's scala-library version: 3.3.6
2025.06.02 11:01:42 INFO  no build target found for /home/the_architect/6/bda/scala-project/ModelServer/src/main/scala/ModelServer.scala. Using presentation compiler with project's scala-library version: 3.3.6
2025.06.02 11:01:42 INFO  no build target found for /home/the_architect/6/bda/scala-project/ModelServer/src/main/scala/ModelServer.scala. Using presentation compiler with project's scala-library version: 3.3.6
2025.06.02 11:01:43 INFO  no build target found for /home/the_architect/6/bda/scala-project/ModelServer/src/main/scala/ModelServer.scala. Using presentation compiler with project's scala-library version: 3.3.6
2025.06.02 11:01:43 INFO  no build target found for /home/the_architect/6/bda/scala-project/ModelServer/src/main/scala/ModelServer.scala. Using presentation compiler with project's scala-library version: 3.3.6
2025.06.02 11:01:44 WARN  no build target for: /home/the_architect/6/bda/scala-project/ModelServer/src/main/scala/ModelServer.scala
2025.06.02 11:01:44 INFO  no build target found for /home/the_architect/6/bda/scala-project/ModelServer/src/main/scala/ModelServer.scala. Using presentation compiler with project's scala-library version: 3.3.6
2025.06.02 11:02:16 INFO  no build target found for /home/the_architect/6/bda/scala-project/ModelServer/src/main/scala/ModelServer.scala. Using presentation compiler with project's scala-library version: 3.3.6
2025.06.02 11:02:16 INFO  no build target found for /home/the_architect/6/bda/scala-project/ModelServer/src/main/scala/ModelServer.scala. Using presentation compiler with project's scala-library version: 3.3.6
2025.06.02 11:02:17 INFO  no build target found for /home/the_architect/6/bda/scala-project/ModelServer/src/main/scala/ModelServer.scala. Using presentation compiler with project's scala-library version: 3.3.6
2025.06.02 11:02:17 INFO  no build target found for /home/the_architect/6/bda/scala-project/ModelServer/src/main/scala/ModelServer.scala. Using presentation compiler with project's scala-library version: 3.3.6
2025.06.02 11:02:25 INFO  no build target found for /home/the_architect/6/bda/scala-project/ModelServer/src/main/scala/ModelServer.scala. Using presentation compiler with project's scala-library version: 3.3.6
2025.06.02 11:02:29 INFO  no build target found for /home/the_architect/6/bda/scala-project/ModelServer/src/main/scala/ModelServer.scala. Using presentation compiler with project's scala-library version: 3.3.6
2025.06.02 11:02:37 INFO  no build target found for /home/the_architect/6/bda/scala-project/ModelServer/src/main/scala/ModelServer.scala. Using presentation compiler with project's scala-library version: 3.3.6
2025.06.02 11:02:37 INFO  no build target found for /home/the_architect/6/bda/scala-project/ModelServer/src/main/scala/ModelServer.scala. Using presentation compiler with project's scala-library version: 3.3.6
2025.06.02 11:02:37 INFO  no build target found for /home/the_architect/6/bda/scala-project/ModelServer/src/main/scala/ModelServer.scala. Using presentation compiler with project's scala-library version: 3.3.6
2025.06.02 11:03:20 INFO  no build target found for /home/the_architect/6/bda/scala-project/ModelServer/src/main/scala/ModelServer.scala. Using presentation compiler with project's scala-library version: 3.3.6
2025.06.02 11:04:13 INFO  no build target found for /home/the_architect/6/bda/scala-project/ModelServer/src/main/scala/ModelServer.scala. Using presentation compiler with project's scala-library version: 3.3.6
2025.06.02 11:04:13 INFO  no build target found for /home/the_architect/6/bda/scala-project/ModelServer/src/main/scala/ModelServer.scala. Using presentation compiler with project's scala-library version: 3.3.6
2025.06.02 11:04:14 INFO  no build target found for /home/the_architect/6/bda/scala-project/ModelServer/src/main/scala/ModelServer.scala. Using presentation compiler with project's scala-library version: 3.3.6
2025.06.02 11:04:14 WARN  no build target for: /home/the_architect/6/bda/scala-project/ModelServer/src/main/scala/ModelServer.scala
2025.06.02 11:04:42 INFO  no build target found for /home/the_architect/6/bda/scala-project/ModelServer/src/main/scala/ModelServer.scala. Using presentation compiler with project's scala-library version: 3.3.6
2025.06.02 11:04:42 INFO  no build target found for /home/the_architect/6/bda/scala-project/ModelServer/src/main/scala/ModelServer.scala. Using presentation compiler with project's scala-library version: 3.3.6
2025.06.02 11:05:05 INFO  no build target found for /home/the_architect/6/bda/scala-project/ModelServer/src/main/scala/MongoModels.scala. Using presentation compiler with project's scala-library version: 3.3.6
2025.06.02 11:05:06 WARN  no build target for: /home/the_architect/6/bda/scala-project/ModelServer/src/main/scala/MongoModels.scala
2025.06.02 11:05:06 INFO  no build target found for /home/the_architect/6/bda/scala-project/ModelServer/src/main/scala/MongoModels.scala. Using presentation compiler with project's scala-library version: 3.3.6
2025.06.02 11:05:21 INFO  no build target found for /home/the_architect/6/bda/scala-project/ModelServer/src/main/scala/ModelServer.scala. Using presentation compiler with project's scala-library version: 3.3.6
2025.06.02 11:05:21 WARN  no build target for: /home/the_architect/6/bda/scala-project/ModelServer/src/main/scala/ModelServer.scala
2025.06.02 11:05:21 INFO  no build target found for /home/the_architect/6/bda/scala-project/ModelServer/src/main/scala/ModelServer.scala. Using presentation compiler with project's scala-library version: 3.3.6
2025.06.02 11:05:26 INFO  no build target found for /home/the_architect/6/bda/scala-project/ModelServer/src/main/scala/ModelServer.scala. Using presentation compiler with project's scala-library version: 3.3.6
2025.06.02 11:07:26 INFO  no build target found for /home/the_architect/6/bda/scala-project/ModelServer/src/main/scala/ModelServer.scala. Using presentation compiler with project's scala-library version: 3.3.6
2025.06.02 11:07:31 INFO  no build target found for /home/the_architect/6/bda/scala-project/ModelServer/src/main/scala/ModelServer.scala. Using presentation compiler with project's scala-library version: 3.3.6
2025.06.02 11:07:33 INFO  no build target found for /home/the_architect/6/bda/scala-project/ModelServer/src/main/scala/ModelServer.scala. Using presentation compiler with project's scala-library version: 3.3.6
2025.06.02 11:07:33 WARN  no build target for: /home/the_architect/6/bda/scala-project/ModelServer/src/main/scala/MongoModels.scala
2025.06.02 11:07:33 INFO  no build target found for /home/the_architect/6/bda/scala-project/ModelServer/src/main/scala/MongoModels.scala. Using presentation compiler with project's scala-library version: 3.3.6
2025.06.02 11:07:33 INFO  no build target found for /home/the_architect/6/bda/scala-project/ModelServer/src/main/scala/MongoModels.scala. Using presentation compiler with project's scala-library version: 3.3.6
